This file contains any messages produced by compilers while
running configure, to aid debugging if configure makes a mistake.

It was created by FreeType configure 2.3.7, which was
generated by GNU Autoconf 2.62.  Invocation command line was

  $ ./configure --prefix=/home/slarti/Documents/punkgraphicstream/trunk/libass/linux_x86

## --------- ##
## Platform. ##
## --------- ##

hostname = ubuntu
uname -m = i686
uname -r = 2.6.28-11-generic
uname -s = Linux
uname -v = #42-Ubuntu SMP Fri Apr 17 01:57:59 UTC 2009

/usr/bin/uname -p = unknown
/bin/uname -X     = unknown

/bin/arch              = unknown
/usr/bin/arch -k       = unknown
/usr/convex/getsysinfo = unknown
/usr/bin/hostinfo      = unknown
/bin/machine           = unknown
/usr/bin/oslevel       = unknown
/bin/universe          = unknown

PATH: /usr/local/sbin
PATH: /usr/local/bin
PATH: /usr/sbin
PATH: /usr/bin
PATH: /sbin
PATH: /bin
PATH: /usr/games


## ----------- ##
## Core tests. ##
## ----------- ##

configure:2071: checking build system type
configure:2089: result: i686-pc-linux-gnu
configure:2111: checking host system type
configure:2126: result: i686-pc-linux-gnu
configure:2148: checking target system type
configure:2163: result: i686-pc-linux-gnu
configure:2243: checking for gcc
configure:2259: found /usr/bin/gcc
configure:2270: result: gcc
configure:2508: checking for C compiler version
configure:2516: gcc --version >&5
gcc (Ubuntu 4.3.3-5ubuntu4) 4.3.3
Copyright (C) 2008 Free Software Foundation, Inc.
This is free software; see the source for copying conditions.  There is NO
warranty; not even for MERCHANTABILITY or FITNESS FOR A PARTICULAR PURPOSE.

configure:2520: $? = 0
configure:2527: gcc -v >&5
Using built-in specs.
Target: i486-linux-gnu
Configured with: ../src/configure -v --with-pkgversion='Ubuntu 4.3.3-5ubuntu4' --with-bugurl=file:///usr/share/doc/gcc-4.3/README.Bugs --enable-languages=c,c++,fortran,objc,obj-c++ --prefix=/usr --enable-shared --with-system-zlib --libexecdir=/usr/lib --without-included-gettext --enable-threads=posix --enable-nls --with-gxx-include-dir=/usr/include/c++/4.3 --program-suffix=-4.3 --enable-clocale=gnu --enable-libstdcxx-debug --enable-objc-gc --enable-mpfr --enable-targets=all --with-tune=generic --enable-checking=release --build=i486-linux-gnu --host=i486-linux-gnu --target=i486-linux-gnu
Thread model: posix
gcc version 4.3.3 (Ubuntu 4.3.3-5ubuntu4) 
configure:2531: $? = 0
configure:2538: gcc -V >&5
gcc: '-V' option must have argument
configure:2542: $? = 1
configure:2565: checking for C compiler default output file name
configure:2587: gcc    conftest.c  >&5
configure:2591: $? = 0
configure:2629: result: a.out
configure:2646: checking whether the C compiler works
configure:2656: ./a.out
configure:2660: $? = 0
configure:2677: result: yes
configure:2684: checking whether we are cross compiling
configure:2686: result: no
configure:2689: checking for suffix of executables
configure:2696: gcc -o conftest    conftest.c  >&5
configure:2700: $? = 0
configure:2724: result: 
configure:2730: checking for suffix of object files
configure:2756: gcc -c   conftest.c >&5
configure:2760: $? = 0
configure:2783: result: o
configure:2787: checking whether we are using the GNU C compiler
configure:2816: gcc -c   conftest.c >&5
configure:2823: $? = 0
configure:2840: result: yes
configure:2849: checking whether gcc accepts -g
configure:2879: gcc -c -g  conftest.c >&5
configure:2886: $? = 0
configure:2987: result: yes
configure:3004: checking for gcc option to accept ISO C89
configure:3078: gcc  -c -g -O2  conftest.c >&5
configure:3085: $? = 0
configure:3108: result: none needed
configure:3131: checking how to run the C preprocessor
configure:3171: gcc -E  conftest.c
configure:3178: $? = 0
configure:3209: gcc -E  conftest.c
conftest.c:8:28: error: ac_nonexistent.h: No such file or directory
configure:3216: $? = 1
configure: failed program was:
| /* confdefs.h.  */
| #define PACKAGE_NAME "FreeType"
| #define PACKAGE_TARNAME "freetype"
| #define PACKAGE_VERSION "2.3.7"
| #define PACKAGE_STRING "FreeType 2.3.7"
| #define PACKAGE_BUGREPORT "freetype@nongnu.org"
| /* end confdefs.h.  */
| #include <ac_nonexistent.h>
configure:3249: result: gcc -E
configure:3278: gcc -E  conftest.c
configure:3285: $? = 0
configure:3316: gcc -E  conftest.c
conftest.c:8:28: error: ac_nonexistent.h: No such file or directory
configure:3323: $? = 1
configure: failed program was:
| /* confdefs.h.  */
| #define PACKAGE_NAME "FreeType"
| #define PACKAGE_TARNAME "freetype"
| #define PACKAGE_VERSION "2.3.7"
| #define PACKAGE_STRING "FreeType 2.3.7"
| #define PACKAGE_BUGREPORT "freetype@nongnu.org"
| /* end confdefs.h.  */
| #include <ac_nonexistent.h>
configure:3555: checking for rm
configure:3571: found /bin/rm
configure:3582: result: rm -f
configure:3592: checking for rmdir
configure:3608: found /bin/rmdir
configure:3619: result: rmdir
configure:3647: checking for a BSD-compatible install
configure:3715: result: /usr/bin/install -c
configure:3738: checking for grep that handles long lines and -e
configure:3798: result: /bin/grep
configure:3803: checking for egrep
configure:3867: result: /bin/grep -E
configure:3872: checking for ANSI C header files
configure:3902: gcc -c -g -O2  conftest.c >&5
configure:3909: $? = 0
configure:4008: gcc -o conftest -g -O2   conftest.c  >&5
configure:4012: $? = 0
configure:4018: ./conftest
configure:4022: $? = 0
configure:4040: result: yes
configure:4064: checking for sys/types.h
configure:4085: gcc -c -g -O2  conftest.c >&5
configure:4092: $? = 0
configure:4109: result: yes
configure:4064: checking for sys/stat.h
configure:4085: gcc -c -g -O2  conftest.c >&5
configure:4092: $? = 0
configure:4109: result: yes
configure:4064: checking for stdlib.h
configure:4085: gcc -c -g -O2  conftest.c >&5
configure:4092: $? = 0
configure:4109: result: yes
configure:4064: checking for string.h
configure:4085: gcc -c -g -O2  conftest.c >&5
configure:4092: $? = 0
configure:4109: result: yes
configure:4064: checking for memory.h
configure:4085: gcc -c -g -O2  conftest.c >&5
configure:4092: $? = 0
configure:4109: result: yes
configure:4064: checking for strings.h
configure:4085: gcc -c -g -O2  conftest.c >&5
configure:4092: $? = 0
configure:4109: result: yes
configure:4064: checking for inttypes.h
configure:4085: gcc -c -g -O2  conftest.c >&5
configure:4092: $? = 0
configure:4109: result: yes
configure:4064: checking for stdint.h
configure:4085: gcc -c -g -O2  conftest.c >&5
configure:4092: $? = 0
configure:4109: result: yes
configure:4064: checking for unistd.h
configure:4085: gcc -c -g -O2  conftest.c >&5
configure:4092: $? = 0
configure:4109: result: yes
configure:4139: checking fcntl.h usability
configure:4156: gcc -c -g -O2  conftest.c >&5
configure:4163: $? = 0
configure:4177: result: yes
configure:4181: checking fcntl.h presence
configure:4196: gcc -E  conftest.c
configure:4203: $? = 0
configure:4217: result: yes
configure:4250: checking for fcntl.h
configure:4259: result: yes
configure:4128: checking for unistd.h
configure:4135: result: yes
configure:4277: checking for an ANSI C-conforming const
configure:4352: gcc -c -g -O2  conftest.c >&5
configure:4359: $? = 0
configure:4374: result: yes
configure:4388: checking size of int
configure:4691: gcc -o conftest -g -O2   conftest.c  >&5
configure:4695: $? = 0
configure:4701: ./conftest
configure:4705: $? = 0
configure:4729: result: 4
configure:4743: checking size of long
configure:5046: gcc -o conftest -g -O2   conftest.c  >&5
configure:5050: $? = 0
configure:5056: ./conftest
configure:5060: $? = 0
configure:5084: result: 4
configure:5106: checking for stdlib.h
configure:5113: result: yes
configure:5106: checking for unistd.h
configure:5113: result: yes
configure:5255: checking for getpagesize
configure:5311: gcc -o conftest -g -O2   conftest.c  >&5
configure:5318: $? = 0
configure:5340: result: yes
configure:5351: checking for working mmap
configure:5498: gcc -o conftest -g -O2   conftest.c  >&5
configure:5502: $? = 0
configure:5508: ./conftest
configure:5512: $? = 0
configure:5529: result: yes
configure:5545: checking whether munmap is declared
configure:5582: gcc -c -g -O2  conftest.c >&5
configure:5589: $? = 0
configure:5604: result: yes
configure:5623: checking for munmap's first parameter type
configure:5647: gcc -c -g -O2  conftest.c >&5
configure:5654: $? = 0
configure:5659: result: void *
configure:5684: checking for memcpy
configure:5740: gcc -o conftest -g -O2   conftest.c  >&5
conftest.c:51: warning: conflicting types for built-in function 'memcpy'
configure:5747: $? = 0
configure:5769: result: yes
configure:5684: checking for memmove
configure:5740: gcc -o conftest -g -O2   conftest.c  >&5
conftest.c:52: warning: conflicting types for built-in function 'memmove'
configure:5747: $? = 0
configure:5769: result: yes
configure:5792: checking for gzsetparams in -lz
configure:5827: gcc -o conftest -g -O2   conftest.c -lz   >&5
/usr/bin/ld: cannot find -lz
collect2: ld returned 1 exit status
configure:5834: $? = 1
configure: failed program was:
| /* confdefs.h.  */
| #define PACKAGE_NAME "FreeType"
| #define PACKAGE_TARNAME "freetype"
| #define PACKAGE_VERSION "2.3.7"
| #define PACKAGE_STRING "FreeType 2.3.7"
| #define PACKAGE_BUGREPORT "freetype@nongnu.org"
| #define STDC_HEADERS 1
| #define HAVE_SYS_TYPES_H 1
| #define HAVE_SYS_STAT_H 1
| #define HAVE_STDLIB_H 1
| #define HAVE_STRING_H 1
| #define HAVE_MEMORY_H 1
| #define HAVE_STRINGS_H 1
| #define HAVE_INTTYPES_H 1
| #define HAVE_STDINT_H 1
| #define HAVE_UNISTD_H 1
| #define HAVE_FCNTL_H 1
| #define HAVE_UNISTD_H 1
| #define SIZEOF_INT 4
| #define SIZEOF_LONG 4
| #define HAVE_STDLIB_H 1
| #define HAVE_UNISTD_H 1
| #define HAVE_GETPAGESIZE 1
| #define HAVE_MMAP 1
| #define HAVE_DECL_MUNMAP 1
| #define MUNMAP_USES_VOIDP /**/
| #define HAVE_MEMCPY 1
| #define HAVE_MEMMOVE 1
| /* end confdefs.h.  */
| 
| /* Override any GCC internal prototype to avoid an error.
|    Use char because int might match the return type of a GCC
|    builtin and then its argument prototype would still apply.  */
| #ifdef __cplusplus
| extern "C"
| #endif
| char gzsetparams ();
| int
| main ()
| {
| return gzsetparams ();
|   ;
|   return 0;
| }
configure:5855: result: no
configure:6008: checking whether CFLAGS includes -isysroot option
configure:6032: result: no
configure:6812: checking for a sed that does not truncate output
configure:6878: result: /bin/sed
configure:6896: checking for fgrep
configure:6960: result: /bin/grep -F
configure:6995: checking for ld used by gcc
configure:7062: result: /usr/bin/ld
configure:7071: checking if the linker (/usr/bin/ld) is GNU ld
configure:7086: result: yes
configure:7098: checking for BSD- or MS-compatible name lister (nm)
configure:7147: result: /usr/bin/nm -B
configure:7269: checking the name lister (/usr/bin/nm -B) interface
configure:7276: gcc -c -g -O2  conftest.c >&5
configure:7279: /usr/bin/nm -B "conftest.o"
configure:7282: output
00000000 B some_variable
configure:7289: result: BSD nm
configure:7292: checking whether ln -s works
configure:7296: result: yes
configure:7304: checking the maximum length of command line arguments
configure:7424: result: 805306365
configure:7441: checking whether the shell understands some XSI constructs
configure:7451: result: yes
configure:7455: checking whether the shell understands "+="
configure:7461: result: yes
configure:7496: checking for /usr/bin/ld option to reload object files
configure:7503: result: -r
configure:7530: checking how to recognize dependent libraries
configure:7720: result: pass_all
configure:7780: checking for ar
configure:7796: found /usr/bin/ar
configure:7807: result: ar
configure:7889: checking for strip
configure:7905: found /usr/bin/strip
configure:7916: result: strip
configure:7992: checking for ranlib
configure:8008: found /usr/bin/ranlib
configure:8019: result: ranlib
configure:8113: checking command to parse /usr/bin/nm -B output from gcc object
configure:8231: gcc -c -g -O2  conftest.c >&5
configure:8234: $? = 0
configure:8238: /usr/bin/nm -B conftest.o \| sed -n -e 's/^.*[	 ]\([ABCDGIRSTW][ABCDGIRSTW]*\)[	 ][	 ]*\([_A-Za-z][_A-Za-z0-9]*\)$/\1 \2 \2/p' \> conftest.nm
configure:8241: $? = 0
configure:8295: gcc -o conftest -g -O2   conftest.c conftstm.o >&5
configure:8298: $? = 0
configure:8336: result: ok
configure:9221: checking for dlfcn.h
configure:9242: gcc -c -g -O2  conftest.c >&5
configure:9249: $? = 0
configure:9266: result: yes
configure:9761: checking for objdir
configure:9776: result: .libs
configure:10068: checking if gcc supports -fno-rtti -fno-exceptions
configure:10086: gcc -c -g -O2  -fno-rtti -fno-exceptions conftest.c >&5
cc1: warning: command line option "-fno-rtti" is valid for C++/ObjC++ but not for C
configure:10090: $? = 0
configure:10103: result: no
configure:10123: checking for gcc option to produce PIC
configure:10380: result: -fPIC -DPIC
configure:10392: checking if gcc PIC flag -fPIC -DPIC works
configure:10410: gcc -c -g -O2  -fPIC -DPIC -DPIC conftest.c >&5
configure:10414: $? = 0
configure:10427: result: yes
configure:10451: checking if gcc static flag -static works
configure:10479: result: yes
configure:10494: checking if gcc supports -c -o file.o
configure:10515: gcc -c -g -O2  -o out/conftest2.o conftest.c >&5
configure:10519: $? = 0
configure:10541: result: yes
configure:10549: checking if gcc supports -c -o file.o
configure:10596: result: yes
configure:10629: checking whether the gcc linker (/usr/bin/ld) supports shared libraries
configure:11695: result: yes
configure:11732: checking whether -lc should be explicitly linked in
configure:11737: gcc -c -g -O2  conftest.c >&5
configure:11740: $? = 0
configure:11755: gcc -shared conftest.o  -v -Wl,-soname -Wl,conftest -o conftest 2\>\&1 \| /bin/grep  -lc  \>/dev/null 2\>\&1
configure:11758: $? = 0
configure:11770: result: no
configure:11934: checking dynamic linker characteristics
configure:12377: gcc -o conftest -g -O2   -Wl,-rpath -Wl,/foo conftest.c  >&5
configure:12384: $? = 0
configure:12617: result: GNU/Linux ld.so
configure:12719: checking how to hardcode library paths into programs
configure:12744: result: immediate
configure:13585: checking whether stripping libraries is possible
configure:13590: result: yes
configure:13625: checking if libtool supports shared libraries
configure:13627: result: yes
configure:13630: checking whether to build shared libraries
configure:13651: result: yes
configure:13654: checking whether to build static libraries
configure:13658: result: yes
configure:13819: creating ./config.status

## ---------------------- ##
## Running config.status. ##
## ---------------------- ##

This file was extended by FreeType config.status 2.3.7, which was
generated by GNU Autoconf 2.62.  Invocation command line was

  CONFIG_FILES    = 
  CONFIG_HEADERS  = 
  CONFIG_LINKS    = 
  CONFIG_COMMANDS = 
  $ ./config.status 

on ubuntu

config.status:984: creating unix-cc.mk
config.status:984: creating unix-def.mk
config.status:984: creating freetype-config
config.status:984: creating freetype2.pc
config.status:984: creating ftconfig.h
config.status:1218: executing libtool commands

## ---------------- ##
## Cache variables. ##
## ---------------- ##

ac_cv_build=i686-pc-linux-gnu
ac_cv_c_compiler_gnu=yes
ac_cv_c_const=yes
ac_cv_env_CC_set=
ac_cv_env_CC_value=
ac_cv_env_CFLAGS_set=
ac_cv_env_CFLAGS_value=
ac_cv_env_CPPFLAGS_set=
ac_cv_env_CPPFLAGS_value=
ac_cv_env_CPP_set=
ac_cv_env_CPP_value=
ac_cv_env_LDFLAGS_set=
ac_cv_env_LDFLAGS_value=
ac_cv_env_LIBS_set=
ac_cv_env_LIBS_value=
ac_cv_env_build_alias_set=
ac_cv_env_build_alias_value=
ac_cv_env_host_alias_set=
ac_cv_env_host_alias_value=
ac_cv_env_target_alias_set=
ac_cv_env_target_alias_value=
ac_cv_func_getpagesize=yes
ac_cv_func_memcpy=yes
ac_cv_func_memmove=yes
ac_cv_func_mmap_fixed_mapped=yes
ac_cv_have_decl_munmap=yes
ac_cv_header_dlfcn_h=yes
ac_cv_header_fcntl_h=yes
ac_cv_header_inttypes_h=yes
ac_cv_header_memory_h=yes
ac_cv_header_stdc=yes
ac_cv_header_stdint_h=yes
ac_cv_header_stdlib_h=yes
ac_cv_header_string_h=yes
ac_cv_header_strings_h=yes
ac_cv_header_sys_stat_h=yes
ac_cv_header_sys_types_h=yes
ac_cv_header_unistd_h=yes
ac_cv_host=i686-pc-linux-gnu
ac_cv_lib_z_gzsetparams=no
ac_cv_objext=o
ac_cv_path_EGREP='/bin/grep -E'
ac_cv_path_FGREP='/bin/grep -F'
ac_cv_path_GREP=/bin/grep
ac_cv_path_SED=/bin/sed
ac_cv_path_install='/usr/bin/install -c'
ac_cv_prog_CPP='gcc -E'
ac_cv_prog_RMDIR=rmdir
ac_cv_prog_RMF='rm -f'
ac_cv_prog_ac_ct_AR=ar
ac_cv_prog_ac_ct_CC=gcc
ac_cv_prog_ac_ct_RANLIB=ranlib
ac_cv_prog_ac_ct_STRIP=strip
ac_cv_prog_cc_c89=
ac_cv_prog_cc_g=yes
ac_cv_sizeof_int=4
ac_cv_sizeof_long=4
ac_cv_target=i686-pc-linux-gnu
lt_cv_deplibs_check_method=pass_all
lt_cv_file_magic_cmd='$MAGIC_CMD'
lt_cv_file_magic_test_file=
lt_cv_ld_reload_flag=-r
lt_cv_nm_interface='BSD nm'
lt_cv_objdir=.libs
lt_cv_path_LD=/usr/bin/ld
lt_cv_path_NM='/usr/bin/nm -B'
lt_cv_prog_compiler_c_o=yes
lt_cv_prog_compiler_pic_works=yes
lt_cv_prog_compiler_rtti_exceptions=no
lt_cv_prog_compiler_static_works=yes
lt_cv_prog_gnu_ld=yes
lt_cv_sys_global_symbol_pipe='sed -n -e '\''s/^.*[	 ]\([ABCDGIRSTW][ABCDGIRSTW]*\)[	 ][	 ]*\([_A-Za-z][_A-Za-z0-9]*\)$/\1 \2 \2/p'\'''
lt_cv_sys_global_symbol_to_c_name_address='sed -n -e '\''s/^: \([^ ]*\) $/  {\"\1\", (void *) 0},/p'\'' -e '\''s/^[ABCDGIRSTW]* \([^ ]*\) \([^ ]*\)$/  {"\2", (void *) \&\2},/p'\'''
lt_cv_sys_global_symbol_to_c_name_address_lib_prefix='sed -n -e '\''s/^: \([^ ]*\) $/  {\"\1\", (void *) 0},/p'\'' -e '\''s/^[ABCDGIRSTW]* \([^ ]*\) \(lib[^ ]*\)$/  {"\2", (void *) \&\2},/p'\'' -e '\''s/^[ABCDGIRSTW]* \([^ ]*\) \([^ ]*\)$/  {"lib\2", (void *) \&\2},/p'\'''
lt_cv_sys_global_symbol_to_cdecl='sed -n -e '\''s/^T .* \(.*\)$/extern int \1();/p'\'' -e '\''s/^[ABCDGIRSTW]* .* \(.*\)$/extern char \1;/p'\'''
lt_cv_sys_max_cmd_len=805306365

## ----------------- ##
## Output variables. ##
## ----------------- ##

AR='ar'
AS='as'
CC='gcc'
CC_BUILD='gcc'
CFLAGS='-g -O2'
CPP='gcc -E'
CPPFLAGS=''
DEFS='-DHAVE_CONFIG_H'
DLLTOOL='dlltool'
DSYMUTIL=''
DUMPBIN=''
ECHO_C=''
ECHO_N='-n'
ECHO_T=''
EGREP='/bin/grep -E'
EXEEXT=''
EXEEXT_BUILD=''
FGREP='/bin/grep -F'
FT2_EXTRA_LIBS=''
FTSYS_SRC='$(BUILD_DIR)/ftsystem.c'
GREP='/bin/grep'
INSTALL_DATA='${INSTALL} -m 644'
INSTALL_PROGRAM='${INSTALL}'
INSTALL_SCRIPT='${INSTALL}'
LD='/usr/bin/ld'
LDFLAGS=''
LIBOBJS=''
LIBS=''
LIBTOOL='$(SHELL) $(top_builddir)/libtool'
LIBZ=''
LIPO=''
LN_S='ln -s'
LTLIBOBJS=''
NM='/usr/bin/nm -B'
NMEDIT=''
OBJDUMP='objdump'
OBJEXT='o'
OTOOL64=''
OTOOL=''
PACKAGE_BUGREPORT='freetype@nongnu.org'
PACKAGE_NAME='FreeType'
PACKAGE_STRING='FreeType 2.3.7'
PACKAGE_TARNAME='freetype'
PACKAGE_VERSION='2.3.7'
PATH_SEPARATOR=':'
RANLIB='ranlib'
RMDIR='rmdir'
RMF='rm -f'
SED='/bin/sed'
SHELL='/bin/bash'
STRIP='strip'
SYSTEM_ZLIB=''
XX_ANSIFLAGS='-pedantic -ansi'
XX_CFLAGS='-Wall'
ac_ct_CC='gcc'
ac_ct_DUMPBIN=''
bindir='${exec_prefix}/bin'
build='i686-pc-linux-gnu'
build_alias=''
build_cpu='i686'
build_libtool_libs=''
build_os='linux-gnu'
build_vendor='pc'
datadir='${datarootdir}'
datarootdir='${prefix}/share'
docdir='${datarootdir}/doc/${PACKAGE_TARNAME}'
dvidir='${docdir}'
exec_prefix='${prefix}'
ft_version='9.18.3'
hardcode_libdir_flag_spec='${wl}-rpath ${wl}$libdir'
host='i686-pc-linux-gnu'
host_alias=''
host_cpu='i686'
host_os='linux-gnu'
host_vendor='pc'
htmldir='${docdir}'
includedir='${prefix}/include'
infodir='${datarootdir}/info'
libdir='${exec_prefix}/lib'
libexecdir='${exec_prefix}/libexec'
localedir='${datarootdir}/locale'
localstatedir='${prefix}/var'
lt_ECHO='echo'
mandir='${datarootdir}/man'
oldincludedir='/usr/include'
pdfdir='${docdir}'
prefix='/home/slarti/Documents/punkgraphicstream/trunk/libass/linux_x86'
program_transform_name='s,x,x,'
psdir='${docdir}'
sbindir='${exec_prefix}/sbin'
sharedstatedir='${prefix}/com'
sysconfdir='${prefix}/etc'
target='i686-pc-linux-gnu'
target_alias=''
target_cpu='i686'
target_os='linux-gnu'
target_vendor='pc'
version_info='9:18:3'
wl='-Wl,'

## ----------- ##
## confdefs.h. ##
## ----------- ##

#define PACKAGE_NAME "FreeType"
#define PACKAGE_TARNAME "freetype"
#define PACKAGE_VERSION "2.3.7"
#define PACKAGE_STRING "FreeType 2.3.7"
#define PACKAGE_BUGREPORT "freetype@nongnu.org"
#define STDC_HEADERS 1
#define HAVE_SYS_TYPES_H 1
#define HAVE_SYS_STAT_H 1
#define HAVE_STDLIB_H 1
#define HAVE_STRING_H 1
#define HAVE_MEMORY_H 1
#define HAVE_STRINGS_H 1
#define HAVE_INTTYPES_H 1
#define HAVE_STDINT_H 1
#define HAVE_UNISTD_H 1
#define HAVE_FCNTL_H 1
#define HAVE_UNISTD_H 1
#define SIZEOF_INT 4
#define SIZEOF_LONG 4
#define HAVE_STDLIB_H 1
#define HAVE_UNISTD_H 1
#define HAVE_GETPAGESIZE 1
#define HAVE_MMAP 1
#define HAVE_DECL_MUNMAP 1
#define MUNMAP_USES_VOIDP /**/
#define HAVE_MEMCPY 1
#define HAVE_MEMMOVE 1
#define HAVE_DLFCN_H 1
#define LT_OBJDIR ".libs/"

configure: exit 0
