This file contains any messages produced by compilers while
running configure, to aid debugging if configure makes a mistake.

It was created by configure, which was
generated by GNU Autoconf 2.61.  Invocation command line was

  $ ./configure --prefix=/home/slarti/Documents/punkgraphicstream/trunk/libass/linux_x86 --with-freetype-config=/home/slarti/Documents/punkgraphicstream/trunk/libass/linux_x86/bin/freetype-config --with-expat=/home/slarti/Documents/punkgraphicstream/trunk/libass/linux_x86

## --------- ##
## Platform. ##
## --------- ##

hostname = ubuntu
uname -m = i686
uname -r = 2.6.28-11-generic
uname -s = Linux
uname -v = #42-Ubuntu SMP Fri Apr 17 01:57:59 UTC 2009

/usr/bin/uname -p = unknown
/bin/uname -X     = unknown

/bin/arch              = unknown
/usr/bin/arch -k       = unknown
/usr/convex/getsysinfo = unknown
/usr/bin/hostinfo      = unknown
/bin/machine           = unknown
/usr/bin/oslevel       = unknown
/bin/universe          = unknown

PATH: /usr/local/sbin
PATH: /usr/local/bin
PATH: /usr/sbin
PATH: /usr/bin
PATH: /sbin
PATH: /bin
PATH: /usr/games


## ----------- ##
## Core tests. ##
## ----------- ##

configure:2042: checking for a BSD-compatible install
configure:2098: result: /usr/bin/install -c
configure:2109: checking whether build environment is sane
configure:2152: result: yes
configure:2217: checking for gawk
configure:2247: result: no
configure:2217: checking for mawk
configure:2233: found /usr/bin/mawk
configure:2244: result: mawk
configure:2255: checking whether make sets $(MAKE)
configure:2276: result: yes
configure:2460: checking whether to enable maintainer-specific portions of Makefiles
configure:2469: result: no
configure:2550: checking for gcc
configure:2566: found /usr/bin/gcc
configure:2577: result: gcc
configure:2815: checking for C compiler version
configure:2822: gcc --version >&5
gcc (Ubuntu 4.3.3-5ubuntu4) 4.3.3
Copyright (C) 2008 Free Software Foundation, Inc.
This is free software; see the source for copying conditions.  There is NO
warranty; not even for MERCHANTABILITY or FITNESS FOR A PARTICULAR PURPOSE.

configure:2825: $? = 0
configure:2832: gcc -v >&5
Using built-in specs.
Target: i486-linux-gnu
Configured with: ../src/configure -v --with-pkgversion='Ubuntu 4.3.3-5ubuntu4' --with-bugurl=file:///usr/share/doc/gcc-4.3/README.Bugs --enable-languages=c,c++,fortran,objc,obj-c++ --prefix=/usr --enable-shared --with-system-zlib --libexecdir=/usr/lib --without-included-gettext --enable-threads=posix --enable-nls --with-gxx-include-dir=/usr/include/c++/4.3 --program-suffix=-4.3 --enable-clocale=gnu --enable-libstdcxx-debug --enable-objc-gc --enable-mpfr --enable-targets=all --with-tune=generic --enable-checking=release --build=i486-linux-gnu --host=i486-linux-gnu --target=i486-linux-gnu
Thread model: posix
gcc version 4.3.3 (Ubuntu 4.3.3-5ubuntu4) 
configure:2835: $? = 0
configure:2842: gcc -V >&5
gcc: '-V' option must have argument
configure:2845: $? = 1
configure:2868: checking for C compiler default output file name
configure:2895: gcc    conftest.c  >&5
configure:2898: $? = 0
configure:2936: result: a.out
configure:2953: checking whether the C compiler works
configure:2963: ./a.out
configure:2966: $? = 0
configure:2983: result: yes
configure:2990: checking whether we are cross compiling
configure:2992: result: no
configure:2995: checking for suffix of executables
configure:3002: gcc -o conftest    conftest.c  >&5
configure:3005: $? = 0
configure:3029: result: 
configure:3035: checking for suffix of object files
configure:3061: gcc -c   conftest.c >&5
configure:3064: $? = 0
configure:3087: result: o
configure:3091: checking whether we are using the GNU C compiler
configure:3120: gcc -c   conftest.c >&5
configure:3126: $? = 0
configure:3143: result: yes
configure:3148: checking whether gcc accepts -g
configure:3178: gcc -c -g  conftest.c >&5
configure:3184: $? = 0
configure:3283: result: yes
configure:3300: checking for gcc option to accept ISO C89
configure:3374: gcc  -c -g -O2  conftest.c >&5
configure:3380: $? = 0
configure:3403: result: none needed
configure:3432: checking for style of include used by make
configure:3460: result: GNU
configure:3488: checking dependency style of gcc
configure:3578: result: gcc3
configure:3608: checking for a BSD-compatible install
configure:3664: result: /usr/bin/install -c
configure:3675: checking whether ln -s works
configure:3679: result: yes
configure:3766: checking build system type
configure:3784: result: i686-pc-linux-gnu
configure:3806: checking host system type
configure:3821: result: i686-pc-linux-gnu
configure:3843: checking for a sed that does not truncate output
configure:3899: result: /bin/sed
configure:3902: checking for grep that handles long lines and -e
configure:3976: result: /bin/grep
configure:3981: checking for egrep
configure:4059: result: /bin/grep -E
configure:4075: checking for ld used by gcc
configure:4142: result: /usr/bin/ld
configure:4151: checking if the linker (/usr/bin/ld) is GNU ld
configure:4166: result: yes
configure:4171: checking for /usr/bin/ld option to reload object files
configure:4178: result: -r
configure:4196: checking for BSD-compatible nm
configure:4245: result: /usr/bin/nm -B
configure:4249: checking how to recognize dependent libraries
configure:4435: result: pass_all
configure:4970: checking how to run the C preprocessor
configure:5010: gcc -E  conftest.c
configure:5016: $? = 0
configure:5047: gcc -E  conftest.c
conftest.c:10:28: error: ac_nonexistent.h: No such file or directory
configure:5053: $? = 1
configure: failed program was:
| /* confdefs.h.  */
| #define PACKAGE_NAME ""
| #define PACKAGE_TARNAME ""
| #define PACKAGE_VERSION ""
| #define PACKAGE_STRING ""
| #define PACKAGE_BUGREPORT ""
| #define PACKAGE "fontconfig"
| #define VERSION "2.6.0"
| /* end confdefs.h.  */
| #include <ac_nonexistent.h>
configure:5086: result: gcc -E
configure:5115: gcc -E  conftest.c
configure:5121: $? = 0
configure:5152: gcc -E  conftest.c
conftest.c:10:28: error: ac_nonexistent.h: No such file or directory
configure:5158: $? = 1
configure: failed program was:
| /* confdefs.h.  */
| #define PACKAGE_NAME ""
| #define PACKAGE_TARNAME ""
| #define PACKAGE_VERSION ""
| #define PACKAGE_STRING ""
| #define PACKAGE_BUGREPORT ""
| #define PACKAGE "fontconfig"
| #define VERSION "2.6.0"
| /* end confdefs.h.  */
| #include <ac_nonexistent.h>
configure:5196: checking for ANSI C header files
configure:5226: gcc -c -g -O2  conftest.c >&5
configure:5232: $? = 0
configure:5331: gcc -o conftest -g -O2   conftest.c  >&5
configure:5334: $? = 0
configure:5340: ./conftest
configure:5343: $? = 0
configure:5360: result: yes
configure:5384: checking for sys/types.h
configure:5405: gcc -c -g -O2  conftest.c >&5
configure:5411: $? = 0
configure:5427: result: yes
configure:5384: checking for sys/stat.h
configure:5405: gcc -c -g -O2  conftest.c >&5
configure:5411: $? = 0
configure:5427: result: yes
configure:5384: checking for stdlib.h
configure:5405: gcc -c -g -O2  conftest.c >&5
configure:5411: $? = 0
configure:5427: result: yes
configure:5384: checking for string.h
configure:5405: gcc -c -g -O2  conftest.c >&5
configure:5411: $? = 0
configure:5427: result: yes
configure:5384: checking for memory.h
configure:5405: gcc -c -g -O2  conftest.c >&5
configure:5411: $? = 0
configure:5427: result: yes
configure:5384: checking for strings.h
configure:5405: gcc -c -g -O2  conftest.c >&5
configure:5411: $? = 0
configure:5427: result: yes
configure:5384: checking for inttypes.h
configure:5405: gcc -c -g -O2  conftest.c >&5
configure:5411: $? = 0
configure:5427: result: yes
configure:5384: checking for stdint.h
configure:5405: gcc -c -g -O2  conftest.c >&5
configure:5411: $? = 0
configure:5427: result: yes
configure:5384: checking for unistd.h
configure:5405: gcc -c -g -O2  conftest.c >&5
configure:5411: $? = 0
configure:5427: result: yes
configure:5454: checking dlfcn.h usability
configure:5471: gcc -c -g -O2  conftest.c >&5
configure:5477: $? = 0
configure:5491: result: yes
configure:5495: checking dlfcn.h presence
configure:5510: gcc -E  conftest.c
configure:5516: $? = 0
configure:5530: result: yes
configure:5558: checking for dlfcn.h
configure:5566: result: yes
configure:5637: checking for g++
configure:5667: result: no
configure:5637: checking for c++
configure:5667: result: no
configure:5637: checking for gpp
configure:5667: result: no
configure:5637: checking for aCC
configure:5667: result: no
configure:5637: checking for CC
configure:5667: result: no
configure:5637: checking for cxx
configure:5667: result: no
configure:5637: checking for cc++
configure:5667: result: no
configure:5637: checking for cl.exe
configure:5667: result: no
configure:5637: checking for FCC
configure:5667: result: no
configure:5637: checking for KCC
configure:5667: result: no
configure:5637: checking for RCC
configure:5667: result: no
configure:5637: checking for xlC_r
configure:5667: result: no
configure:5637: checking for xlC
configure:5667: result: no
configure:5695: checking for C++ compiler version
configure:5702: g++ --version >&5
./configure: line 5703: g++: command not found
configure:5705: $? = 127
configure:5712: g++ -v >&5
./configure: line 5713: g++: command not found
configure:5715: $? = 127
configure:5722: g++ -V >&5
./configure: line 5723: g++: command not found
configure:5725: $? = 127
configure:5728: checking whether we are using the GNU C++ compiler
configure:5757: g++ -c   conftest.cpp >&5
./configure: line 5758: g++: command not found
configure:5763: $? = 127
configure: failed program was:
| /* confdefs.h.  */
| #define PACKAGE_NAME ""
| #define PACKAGE_TARNAME ""
| #define PACKAGE_VERSION ""
| #define PACKAGE_STRING ""
| #define PACKAGE_BUGREPORT ""
| #define PACKAGE "fontconfig"
| #define VERSION "2.6.0"
| #define STDC_HEADERS 1
| #define HAVE_SYS_TYPES_H 1
| #define HAVE_SYS_STAT_H 1
| #define HAVE_STDLIB_H 1
| #define HAVE_STRING_H 1
| #define HAVE_MEMORY_H 1
| #define HAVE_STRINGS_H 1
| #define HAVE_INTTYPES_H 1
| #define HAVE_STDINT_H 1
| #define HAVE_UNISTD_H 1
| #define HAVE_DLFCN_H 1
| /* end confdefs.h.  */
| 
| int
| main ()
| {
| #ifndef __GNUC__
|        choke me
| #endif
| 
|   ;
|   return 0;
| }
configure:5780: result: no
configure:5785: checking whether g++ accepts -g
configure:5815: g++ -c -g  conftest.cpp >&5
./configure: line 5816: g++: command not found
configure:5821: $? = 127
configure: failed program was:
| /* confdefs.h.  */
| #define PACKAGE_NAME ""
| #define PACKAGE_TARNAME ""
| #define PACKAGE_VERSION ""
| #define PACKAGE_STRING ""
| #define PACKAGE_BUGREPORT ""
| #define PACKAGE "fontconfig"
| #define VERSION "2.6.0"
| #define STDC_HEADERS 1
| #define HAVE_SYS_TYPES_H 1
| #define HAVE_SYS_STAT_H 1
| #define HAVE_STDLIB_H 1
| #define HAVE_STRING_H 1
| #define HAVE_MEMORY_H 1
| #define HAVE_STRINGS_H 1
| #define HAVE_INTTYPES_H 1
| #define HAVE_STDINT_H 1
| #define HAVE_UNISTD_H 1
| #define HAVE_DLFCN_H 1
| /* end confdefs.h.  */
| 
| int
| main ()
| {
| 
|   ;
|   return 0;
| }
configure:5853: g++ -c   conftest.cpp >&5
./configure: line 5854: g++: command not found
configure:5859: $? = 127
configure: failed program was:
| /* confdefs.h.  */
| #define PACKAGE_NAME ""
| #define PACKAGE_TARNAME ""
| #define PACKAGE_VERSION ""
| #define PACKAGE_STRING ""
| #define PACKAGE_BUGREPORT ""
| #define PACKAGE "fontconfig"
| #define VERSION "2.6.0"
| #define STDC_HEADERS 1
| #define HAVE_SYS_TYPES_H 1
| #define HAVE_SYS_STAT_H 1
| #define HAVE_STDLIB_H 1
| #define HAVE_STRING_H 1
| #define HAVE_MEMORY_H 1
| #define HAVE_STRINGS_H 1
| #define HAVE_INTTYPES_H 1
| #define HAVE_STDINT_H 1
| #define HAVE_UNISTD_H 1
| #define HAVE_DLFCN_H 1
| /* end confdefs.h.  */
| 
| int
| main ()
| {
| 
|   ;
|   return 0;
| }
configure:5892: g++ -c -g  conftest.cpp >&5
./configure: line 5893: g++: command not found
configure:5898: $? = 127
configure: failed program was:
| /* confdefs.h.  */
| #define PACKAGE_NAME ""
| #define PACKAGE_TARNAME ""
| #define PACKAGE_VERSION ""
| #define PACKAGE_STRING ""
| #define PACKAGE_BUGREPORT ""
| #define PACKAGE "fontconfig"
| #define VERSION "2.6.0"
| #define STDC_HEADERS 1
| #define HAVE_SYS_TYPES_H 1
| #define HAVE_SYS_STAT_H 1
| #define HAVE_STDLIB_H 1
| #define HAVE_STRING_H 1
| #define HAVE_MEMORY_H 1
| #define HAVE_STRINGS_H 1
| #define HAVE_INTTYPES_H 1
| #define HAVE_STDINT_H 1
| #define HAVE_UNISTD_H 1
| #define HAVE_DLFCN_H 1
| /* end confdefs.h.  */
| 
| int
| main ()
| {
| 
|   ;
|   return 0;
| }
configure:5920: result: no
configure:5945: checking dependency style of g++
configure:6035: result: none
configure:6339: checking for g77
configure:6369: result: no
configure:6339: checking for xlf
configure:6369: result: no
configure:6339: checking for f77
configure:6369: result: no
configure:6339: checking for frt
configure:6369: result: no
configure:6339: checking for pgf77
configure:6369: result: no
configure:6339: checking for cf77
configure:6369: result: no
configure:6339: checking for fort77
configure:6369: result: no
configure:6339: checking for fl32
configure:6369: result: no
configure:6339: checking for af77
configure:6369: result: no
configure:6339: checking for xlf90
configure:6369: result: no
configure:6339: checking for f90
configure:6369: result: no
configure:6339: checking for pgf90
configure:6369: result: no
configure:6339: checking for pghpf
configure:6369: result: no
configure:6339: checking for epcf90
configure:6369: result: no
configure:6339: checking for gfortran
configure:6369: result: no
configure:6339: checking for g95
configure:6369: result: no
configure:6339: checking for xlf95
configure:6369: result: no
configure:6339: checking for f95
configure:6369: result: no
configure:6339: checking for fort
configure:6369: result: no
configure:6339: checking for ifort
configure:6369: result: no
configure:6339: checking for ifc
configure:6369: result: no
configure:6339: checking for efc
configure:6369: result: no
configure:6339: checking for pgf95
configure:6369: result: no
configure:6339: checking for lf95
configure:6369: result: no
configure:6339: checking for ftn
configure:6369: result: no
configure:6396: checking for Fortran 77 compiler version
configure:6403:  --version >&5
./configure: line 6404: --version: command not found
configure:6406: $? = 127
configure:6413:  -v >&5
./configure: line 6414: -v: command not found
configure:6416: $? = 127
configure:6423:  -V >&5
./configure: line 6424: -V: command not found
configure:6426: $? = 127
configure:6434: checking whether we are using the GNU Fortran 77 compiler
configure:6453:  -c  conftest.F >&5
./configure: line 6454: -c: command not found
configure:6459: $? = 127
configure: failed program was:
|       program main
| #ifndef __GNUC__
|        choke me
| #endif
| 
|       end
configure:6476: result: no
configure:6482: checking whether  accepts -g
configure:6499:  -c -g conftest.f >&5
./configure: line 6500: -c: command not found
configure:6505: $? = 127
configure: failed program was:
|       program main
| 
|       end
configure:6521: result: no
configure:6550: checking the maximum length of command line arguments
configure:6662: result: 1572864
configure:6674: checking command to parse /usr/bin/nm -B output from gcc object
configure:6779: gcc -c -g -O2  conftest.c >&5
configure:6782: $? = 0
configure:6786: /usr/bin/nm -B conftest.o \| sed -n -e 's/^.*[ 	]\([ABCDGIRSTW][ABCDGIRSTW]*\)[ 	][ 	]*\([_A-Za-z][_A-Za-z0-9]*\)$/\1 \2 \2/p' \> conftest.nm
configure:6789: $? = 0
configure:6841: gcc -o conftest -g -O2   conftest.c conftstm.o >&5
configure:6844: $? = 0
configure:6882: result: ok
configure:6886: checking for objdir
configure:6901: result: .libs
configure:6993: checking for ar
configure:7009: found /usr/bin/ar
configure:7020: result: ar
configure:7089: checking for ranlib
configure:7105: found /usr/bin/ranlib
configure:7116: result: ranlib
configure:7185: checking for strip
configure:7201: found /usr/bin/strip
configure:7212: result: strip
configure:7810: checking if gcc supports -fno-rtti -fno-exceptions
configure:7828: gcc -c -g -O2  -fno-rtti -fno-exceptions conftest.c >&5
cc1: warning: command line option "-fno-rtti" is valid for C++/ObjC++ but not for C
configure:7832: $? = 0
configure:7845: result: no
configure:7860: checking for gcc option to produce PIC
configure:8092: result: -fPIC
configure:8100: checking if gcc PIC flag -fPIC works
configure:8118: gcc -c -g -O2  -fPIC -DPIC conftest.c >&5
configure:8122: $? = 0
configure:8135: result: yes
configure:8163: checking if gcc static flag -static works
configure:8191: result: yes
configure:8201: checking if gcc supports -c -o file.o
configure:8222: gcc -c -g -O2  -o out/conftest2.o conftest.c >&5
configure:8226: $? = 0
configure:8248: result: yes
configure:8274: checking whether the gcc linker (/usr/bin/ld) supports shared libraries
configure:9255: result: yes
configure:9276: checking whether -lc should be explicitly linked in
configure:9281: gcc -c -g -O2  conftest.c >&5
configure:9284: $? = 0
configure:9299: gcc -shared conftest.o  -v -Wl,-soname -Wl,conftest -o conftest 2\>\&1 \| grep  -lc  \>/dev/null 2\>\&1
configure:9302: $? = 0
configure:9314: result: no
configure:9322: checking dynamic linker characteristics
configure:9936: result: GNU/Linux ld.so
configure:9960: checking how to hardcode library paths into programs
configure:9985: result: immediate
configure:9999: checking whether stripping libraries is possible
configure:10004: result: yes
configure:10806: checking if libtool supports shared libraries
configure:10808: result: yes
configure:10811: checking whether to build shared libraries
configure:10832: result: yes
configure:10835: checking whether to build static libraries
configure:10839: result: yes
configure:10933: creating libtool
configure:20216: checking for bash
configure:20234: found /bin/bash
configure:20246: result: /bin/bash
configure:20254: checking if dolt supports this host
configure:20274: result: yes, replacing libtool
configure:20372: checking whether make sets $(MAKE)
configure:20393: result: yes
configure:20501: checking for a C compiler for build tools
configure:20549: result: gcc
configure:20553: checking for suffix of executable build tools
configure:20585: result: 
configure:20624: checking for dirent.h that defines DIR
configure:20653: gcc -c -g -O2  conftest.c >&5
configure:20659: $? = 0
configure:20675: result: yes
configure:20688: checking for library containing opendir
configure:20729: gcc -o conftest -g -O2   conftest.c  >&5
configure:20735: $? = 0
configure:20763: result: none required
configure:20857: checking for ANSI C header files
configure:21021: result: yes
configure:21049: checking fcntl.h usability
configure:21066: gcc -c -g -O2  conftest.c >&5
configure:21072: $? = 0
configure:21086: result: yes
configure:21090: checking fcntl.h presence
configure:21105: gcc -E  conftest.c
configure:21111: $? = 0
configure:21125: result: yes
configure:21153: checking for fcntl.h
configure:21161: result: yes
configure:21039: checking for stdlib.h
configure:21045: result: yes
configure:21039: checking for string.h
configure:21045: result: yes
configure:21039: checking for unistd.h
configure:21045: result: yes
configure:21176: checking for an ANSI C-conforming const
configure:21251: gcc -c -g -O2  conftest.c >&5
configure:21257: $? = 0
configure:21272: result: yes
configure:21282: checking for inline
configure:21308: gcc -c -g -O2  conftest.c >&5
configure:21314: $? = 0
configure:21332: result: inline
configure:21351: checking for pid_t
configure:21381: gcc -c -g -O2  conftest.c >&5
configure:21387: $? = 0
configure:21402: result: yes
configure:21420: checking for vprintf
configure:21476: gcc -o conftest -g -O2   conftest.c  >&5
conftest.c:51: warning: conflicting types for built-in function 'vprintf'
configure:21482: $? = 0
configure:21500: result: yes
configure:21507: checking for _doprnt
configure:21563: gcc -o conftest -g -O2   conftest.c  >&5
/tmp/cc85EBd7.o: In function `main':
/home/slarti/Documents/punkgraphicstream/trunk/libass/linux_x86/src/fontconfig-2.6.0/conftest.c:63: undefined reference to `_doprnt'
collect2: ld returned 1 exit status
configure:21569: $? = 1
configure: failed program was:
| /* confdefs.h.  */
| #define PACKAGE_NAME ""
| #define PACKAGE_TARNAME ""
| #define PACKAGE_VERSION ""
| #define PACKAGE_STRING ""
| #define PACKAGE_BUGREPORT ""
| #define PACKAGE "fontconfig"
| #define VERSION "2.6.0"
| #define STDC_HEADERS 1
| #define HAVE_SYS_TYPES_H 1
| #define HAVE_SYS_STAT_H 1
| #define HAVE_STDLIB_H 1
| #define HAVE_STRING_H 1
| #define HAVE_MEMORY_H 1
| #define HAVE_STRINGS_H 1
| #define HAVE_INTTYPES_H 1
| #define HAVE_STDINT_H 1
| #define HAVE_UNISTD_H 1
| #define HAVE_DLFCN_H 1
| #define HAVE_WARNING_CPP_DIRECTIVE 1
| #define HAVE_DIRENT_H 1
| #define STDC_HEADERS 1
| #define HAVE_FCNTL_H 1
| #define HAVE_STDLIB_H 1
| #define HAVE_STRING_H 1
| #define HAVE_UNISTD_H 1
| #define HAVE_VPRINTF 1
| /* end confdefs.h.  */
| /* Define _doprnt to an innocuous variant, in case <limits.h> declares _doprnt.
|    For example, HP-UX 11i <limits.h> declares gettimeofday.  */
| #define _doprnt innocuous__doprnt
| 
| /* System header to define __stub macros and hopefully few prototypes,
|     which can conflict with char _doprnt (); below.
|     Prefer <limits.h> to <assert.h> if __STDC__ is defined, since
|     <limits.h> exists even on freestanding compilers.  */
| 
| #ifdef __STDC__
| # include <limits.h>
| #else
| # include <assert.h>
| #endif
| 
| #undef _doprnt
| 
| /* Override any GCC internal prototype to avoid an error.
|    Use char because int might match the return type of a GCC
|    builtin and then its argument prototype would still apply.  */
| #ifdef __cplusplus
| extern "C"
| #endif
| char _doprnt ();
| /* The GNU C library defines this for functions which it implements
|     to always fail with ENOSYS.  Some functions are actually named
|     something starting with __ and the normal name is an alias.  */
| #if defined __stub__doprnt || defined __stub____doprnt
| choke me
| #endif
| 
| int
| main ()
| {
| return _doprnt ();
|   ;
|   return 0;
| }
configure:21586: result: no
configure:21606: checking for stdlib.h
configure:21612: result: yes
configure:21606: checking for unistd.h
configure:21612: result: yes
configure:21745: checking for getpagesize
configure:21801: gcc -o conftest -g -O2   conftest.c  >&5
configure:21807: $? = 0
configure:21825: result: yes
configure:21835: checking for working mmap
configure:21982: gcc -o conftest -g -O2   conftest.c  >&5
configure:21985: $? = 0
configure:21991: ./conftest
configure:21994: $? = 0
configure:22010: result: yes
configure:22041: checking for geteuid
configure:22097: gcc -o conftest -g -O2   conftest.c  >&5
configure:22103: $? = 0
configure:22121: result: yes
configure:22041: checking for getuid
configure:22097: gcc -o conftest -g -O2   conftest.c  >&5
configure:22103: $? = 0
configure:22121: result: yes
configure:22041: checking for link
configure:22097: gcc -o conftest -g -O2   conftest.c  >&5
configure:22103: $? = 0
configure:22121: result: yes
configure:22041: checking for memmove
configure:22097: gcc -o conftest -g -O2   conftest.c  >&5
conftest.c:59: warning: conflicting types for built-in function 'memmove'
configure:22103: $? = 0
configure:22121: result: yes
configure:22041: checking for memset
configure:22097: gcc -o conftest -g -O2   conftest.c  >&5
conftest.c:60: warning: conflicting types for built-in function 'memset'
configure:22103: $? = 0
configure:22121: result: yes
configure:22041: checking for mkstemp
configure:22097: gcc -o conftest -g -O2   conftest.c  >&5
configure:22103: $? = 0
configure:22121: result: yes
configure:22041: checking for strchr
configure:22097: gcc -o conftest -g -O2   conftest.c  >&5
conftest.c:62: warning: conflicting types for built-in function 'strchr'
configure:22103: $? = 0
configure:22121: result: yes
configure:22041: checking for strrchr
configure:22097: gcc -o conftest -g -O2   conftest.c  >&5
conftest.c:63: warning: conflicting types for built-in function 'strrchr'
configure:22103: $? = 0
configure:22121: result: yes
configure:22041: checking for strtol
configure:22097: gcc -o conftest -g -O2   conftest.c  >&5
configure:22103: $? = 0
configure:22121: result: yes
configure:22041: checking for getopt
configure:22097: gcc -o conftest -g -O2   conftest.c  >&5
configure:22103: $? = 0
configure:22121: result: yes
configure:22041: checking for getopt_long
configure:22097: gcc -o conftest -g -O2   conftest.c  >&5
configure:22103: $? = 0
configure:22121: result: yes
configure:22041: checking for sysconf
configure:22097: gcc -o conftest -g -O2   conftest.c  >&5
configure:22103: $? = 0
configure:22121: result: yes
configure:22041: checking for ftruncate
configure:22097: gcc -o conftest -g -O2   conftest.c  >&5
configure:22103: $? = 0
configure:22121: result: yes
configure:22041: checking for chsize
configure:22097: gcc -o conftest -g -O2   conftest.c  >&5
/tmp/ccidvAWo.o: In function `main':
/home/slarti/Documents/punkgraphicstream/trunk/libass/linux_x86/src/fontconfig-2.6.0/conftest.c:80: undefined reference to `chsize'
collect2: ld returned 1 exit status
configure:22103: $? = 1
configure: failed program was:
| /* confdefs.h.  */
| #define PACKAGE_NAME ""
| #define PACKAGE_TARNAME ""
| #define PACKAGE_VERSION ""
| #define PACKAGE_STRING ""
| #define PACKAGE_BUGREPORT ""
| #define PACKAGE "fontconfig"
| #define VERSION "2.6.0"
| #define STDC_HEADERS 1
| #define HAVE_SYS_TYPES_H 1
| #define HAVE_SYS_STAT_H 1
| #define HAVE_STDLIB_H 1
| #define HAVE_STRING_H 1
| #define HAVE_MEMORY_H 1
| #define HAVE_STRINGS_H 1
| #define HAVE_INTTYPES_H 1
| #define HAVE_STDINT_H 1
| #define HAVE_UNISTD_H 1
| #define HAVE_DLFCN_H 1
| #define HAVE_WARNING_CPP_DIRECTIVE 1
| #define HAVE_DIRENT_H 1
| #define STDC_HEADERS 1
| #define HAVE_FCNTL_H 1
| #define HAVE_STDLIB_H 1
| #define HAVE_STRING_H 1
| #define HAVE_UNISTD_H 1
| #define HAVE_VPRINTF 1
| #define HAVE_STDLIB_H 1
| #define HAVE_UNISTD_H 1
| #define HAVE_GETPAGESIZE 1
| #define HAVE_MMAP 1
| #define HAVE_GETEUID 1
| #define HAVE_GETUID 1
| #define HAVE_LINK 1
| #define HAVE_MEMMOVE 1
| #define HAVE_MEMSET 1
| #define HAVE_MKSTEMP 1
| #define HAVE_STRCHR 1
| #define HAVE_STRRCHR 1
| #define HAVE_STRTOL 1
| #define HAVE_GETOPT 1
| #define HAVE_GETOPT_LONG 1
| #define HAVE_SYSCONF 1
| #define HAVE_FTRUNCATE 1
| /* end confdefs.h.  */
| /* Define chsize to an innocuous variant, in case <limits.h> declares chsize.
|    For example, HP-UX 11i <limits.h> declares gettimeofday.  */
| #define chsize innocuous_chsize
| 
| /* System header to define __stub macros and hopefully few prototypes,
|     which can conflict with char chsize (); below.
|     Prefer <limits.h> to <assert.h> if __STDC__ is defined, since
|     <limits.h> exists even on freestanding compilers.  */
| 
| #ifdef __STDC__
| # include <limits.h>
| #else
| # include <assert.h>
| #endif
| 
| #undef chsize
| 
| /* Override any GCC internal prototype to avoid an error.
|    Use char because int might match the return type of a GCC
|    builtin and then its argument prototype would still apply.  */
| #ifdef __cplusplus
| extern "C"
| #endif
| char chsize ();
| /* The GNU C library defines this for functions which it implements
|     to always fail with ENOSYS.  Some functions are actually named
|     something starting with __ and the normal name is an alias.  */
| #if defined __stub_chsize || defined __stub___chsize
| choke me
| #endif
| 
| int
| main ()
| {
| return chsize ();
|   ;
|   return 0;
| }
configure:22121: result: no
configure:22041: checking for rand
configure:22097: gcc -o conftest -g -O2   conftest.c  >&5
configure:22103: $? = 0
configure:22121: result: yes
configure:22041: checking for random
configure:22097: gcc -o conftest -g -O2   conftest.c  >&5
configure:22103: $? = 0
configure:22121: result: yes
configure:22041: checking for lrand48
configure:22097: gcc -o conftest -g -O2   conftest.c  >&5
configure:22103: $? = 0
configure:22121: result: yes
configure:22135: checking for a usable iconv
configure:22159: gcc -o conftest -g -O2   conftest.c  >&5
configure:22165: $? = 0
configure:22182: result: libc
configure:22341: checking for FT_Get_Next_Char
configure:22397: gcc -o conftest -g -O2 -I/home/slarti/Documents/punkgraphicstream/trunk/libass/linux_x86/include/freetype2 -I/home/slarti/Documents/punkgraphicstream/trunk/libass/linux_x86/include   conftest.c  -L/home/slarti/Documents/punkgraphicstream/trunk/libass/linux_x86/lib -lfreetype >&5
configure:22403: $? = 0
configure:22421: result: yes
configure:22341: checking for FT_Get_BDF_Property
configure:22397: gcc -o conftest -g -O2 -I/home/slarti/Documents/punkgraphicstream/trunk/libass/linux_x86/include/freetype2 -I/home/slarti/Documents/punkgraphicstream/trunk/libass/linux_x86/include   conftest.c  -L/home/slarti/Documents/punkgraphicstream/trunk/libass/linux_x86/lib -lfreetype >&5
configure:22403: $? = 0
configure:22421: result: yes
configure:22341: checking for FT_Get_PS_Font_Info
configure:22397: gcc -o conftest -g -O2 -I/home/slarti/Documents/punkgraphicstream/trunk/libass/linux_x86/include/freetype2 -I/home/slarti/Documents/punkgraphicstream/trunk/libass/linux_x86/include   conftest.c  -L/home/slarti/Documents/punkgraphicstream/trunk/libass/linux_x86/lib -lfreetype >&5
configure:22403: $? = 0
configure:22421: result: yes
configure:22341: checking for FT_Has_PS_Glyph_Names
configure:22397: gcc -o conftest -g -O2 -I/home/slarti/Documents/punkgraphicstream/trunk/libass/linux_x86/include/freetype2 -I/home/slarti/Documents/punkgraphicstream/trunk/libass/linux_x86/include   conftest.c  -L/home/slarti/Documents/punkgraphicstream/trunk/libass/linux_x86/lib -lfreetype >&5
configure:22403: $? = 0
configure:22421: result: yes
configure:22341: checking for FT_Get_X11_Font_Format
configure:22397: gcc -o conftest -g -O2 -I/home/slarti/Documents/punkgraphicstream/trunk/libass/linux_x86/include/freetype2 -I/home/slarti/Documents/punkgraphicstream/trunk/libass/linux_x86/include   conftest.c  -L/home/slarti/Documents/punkgraphicstream/trunk/libass/linux_x86/lib -lfreetype >&5
configure:22403: $? = 0
configure:22421: result: yes
configure:22431: checking for FT_Bitmap_Size.y_ppem
configure:22461: gcc -c -g -O2 -I/home/slarti/Documents/punkgraphicstream/trunk/libass/linux_x86/include/freetype2 -I/home/slarti/Documents/punkgraphicstream/trunk/libass/linux_x86/include  conftest.c >&5
configure:22467: $? = 0
configure:22526: result: yes
configure:22626: checking expat.h usability
configure:22643: gcc -c -g -O2  -I/home/slarti/Documents/punkgraphicstream/trunk/libass/linux_x86/include conftest.c >&5
configure:22649: $? = 0
configure:22663: result: yes
configure:22667: checking expat.h presence
configure:22682: gcc -E  -I/home/slarti/Documents/punkgraphicstream/trunk/libass/linux_x86/include conftest.c
configure:22688: $? = 0
configure:22702: result: yes
configure:22730: checking for expat.h
configure:22737: result: yes
configure:22901: checking for XML_SetDoctypeDeclHandler
configure:22957: gcc -o conftest -g -O2  -I/home/slarti/Documents/punkgraphicstream/trunk/libass/linux_x86/include  conftest.c  -L/home/slarti/Documents/punkgraphicstream/trunk/libass/linux_x86/lib -lexpat >&5
configure:22963: $? = 0
configure:22981: result: yes
configure:23085: checking for pkg-config
configure:23103: found /usr/bin/pkg-config
configure:23115: result: /usr/bin/pkg-config
configure:23144: checking pkg-config is at least version 0.9.0
configure:23147: result: yes
configure:23463: checking for docbook2html
configure:23491: result: no
configure:23745: creating ./config.status

## ---------------------- ##
## Running config.status. ##
## ---------------------- ##

This file was extended by config.status, which was
generated by GNU Autoconf 2.61.  Invocation command line was

  CONFIG_FILES    = 
  CONFIG_HEADERS  = 
  CONFIG_LINKS    = 
  CONFIG_COMMANDS = 
  $ ./config.status 

on ubuntu

config.status:732: creating Makefile
config.status:732: creating fontconfig/Makefile
config.status:732: creating fc-lang/Makefile
config.status:732: creating fc-glyphname/Makefile
config.status:732: creating fc-case/Makefile
config.status:732: creating fc-arch/Makefile
config.status:732: creating src/Makefile
config.status:732: creating conf.d/Makefile
config.status:732: creating fc-cache/Makefile
config.status:732: creating fc-cat/Makefile
config.status:732: creating fc-list/Makefile
config.status:732: creating fc-match/Makefile
config.status:732: creating doc/Makefile
config.status:732: creating doc/version.sgml
config.status:732: creating test/Makefile
config.status:732: creating fontconfig.spec
config.status:732: creating fontconfig.pc
config.status:732: creating fonts.conf
config.status:732: creating fontconfig-zip
config.status:732: creating config.h
config.status:1047: executing depfiles commands

## ---------------- ##
## Cache variables. ##
## ---------------- ##

ac_cv_build=i686-pc-linux-gnu
ac_cv_c_compiler_gnu=yes
ac_cv_c_const=yes
ac_cv_c_inline=inline
ac_cv_cxx_compiler_gnu=no
ac_cv_env_CCC_set=
ac_cv_env_CCC_value=
ac_cv_env_CC_set=
ac_cv_env_CC_value=
ac_cv_env_CFLAGS_set=
ac_cv_env_CFLAGS_value=
ac_cv_env_CPPFLAGS_set=
ac_cv_env_CPPFLAGS_value=
ac_cv_env_CPP_set=
ac_cv_env_CPP_value=
ac_cv_env_CXXCPP_set=
ac_cv_env_CXXCPP_value=
ac_cv_env_CXXFLAGS_set=
ac_cv_env_CXXFLAGS_value=
ac_cv_env_CXX_set=
ac_cv_env_CXX_value=
ac_cv_env_F77_set=
ac_cv_env_F77_value=
ac_cv_env_FFLAGS_set=
ac_cv_env_FFLAGS_value=
ac_cv_env_LDFLAGS_set=
ac_cv_env_LDFLAGS_value=
ac_cv_env_LIBS_set=
ac_cv_env_LIBS_value=
ac_cv_env_LIBXML2_CFLAGS_set=
ac_cv_env_LIBXML2_CFLAGS_value=
ac_cv_env_LIBXML2_LIBS_set=
ac_cv_env_LIBXML2_LIBS_value=
ac_cv_env_PKG_CONFIG_set=
ac_cv_env_PKG_CONFIG_value=
ac_cv_env_build_alias_set=
ac_cv_env_build_alias_value=
ac_cv_env_host_alias_set=
ac_cv_env_host_alias_value=
ac_cv_env_target_alias_set=
ac_cv_env_target_alias_value=
ac_cv_f77_compiler_gnu=no
ac_cv_func_FT_Get_BDF_Property=yes
ac_cv_func_FT_Get_Next_Char=yes
ac_cv_func_FT_Get_PS_Font_Info=yes
ac_cv_func_FT_Get_X11_Font_Format=yes
ac_cv_func_FT_Has_PS_Glyph_Names=yes
ac_cv_func_XML_SetDoctypeDeclHandler=yes
ac_cv_func__doprnt=no
ac_cv_func_chsize=no
ac_cv_func_ftruncate=yes
ac_cv_func_geteuid=yes
ac_cv_func_getopt=yes
ac_cv_func_getopt_long=yes
ac_cv_func_getpagesize=yes
ac_cv_func_getuid=yes
ac_cv_func_link=yes
ac_cv_func_lrand48=yes
ac_cv_func_memmove=yes
ac_cv_func_memset=yes
ac_cv_func_mkstemp=yes
ac_cv_func_mmap_fixed_mapped=yes
ac_cv_func_rand=yes
ac_cv_func_random=yes
ac_cv_func_strchr=yes
ac_cv_func_strrchr=yes
ac_cv_func_strtol=yes
ac_cv_func_sysconf=yes
ac_cv_func_vprintf=yes
ac_cv_header_dirent_dirent_h=yes
ac_cv_header_dlfcn_h=yes
ac_cv_header_expat_h=yes
ac_cv_header_fcntl_h=yes
ac_cv_header_inttypes_h=yes
ac_cv_header_memory_h=yes
ac_cv_header_stdc=yes
ac_cv_header_stdint_h=yes
ac_cv_header_stdlib_h=yes
ac_cv_header_string_h=yes
ac_cv_header_strings_h=yes
ac_cv_header_sys_stat_h=yes
ac_cv_header_sys_types_h=yes
ac_cv_header_unistd_h=yes
ac_cv_host=i686-pc-linux-gnu
ac_cv_member_FT_Bitmap_Size_y_ppem=yes
ac_cv_objext=o
ac_cv_path_DOLT_BASH=/bin/bash
ac_cv_path_EGREP='/bin/grep -E'
ac_cv_path_GREP=/bin/grep
ac_cv_path_ac_pt_PKG_CONFIG=/usr/bin/pkg-config
ac_cv_path_install='/usr/bin/install -c'
ac_cv_prog_AWK=mawk
ac_cv_prog_CPP='gcc -E'
ac_cv_prog_HASDOCBOOK=no
ac_cv_prog_ac_ct_AR=ar
ac_cv_prog_ac_ct_CC=gcc
ac_cv_prog_ac_ct_RANLIB=ranlib
ac_cv_prog_ac_ct_STRIP=strip
ac_cv_prog_cc_c89=
ac_cv_prog_cc_g=yes
ac_cv_prog_cxx_g=no
ac_cv_prog_f77_g=no
ac_cv_prog_make_make_set=yes
ac_cv_search_opendir='none required'
ac_cv_type_pid_t=yes
am_cv_CC_dependencies_compiler_type=gcc3
am_cv_CXX_dependencies_compiler_type=none
lt_cv_deplibs_check_method=pass_all
lt_cv_file_magic_cmd='$MAGIC_CMD'
lt_cv_file_magic_test_file=
lt_cv_ld_reload_flag=-r
lt_cv_objdir=.libs
lt_cv_path_LD=/usr/bin/ld
lt_cv_path_NM='/usr/bin/nm -B'
lt_cv_path_SED=/bin/sed
lt_cv_prog_compiler_c_o=yes
lt_cv_prog_compiler_pic_works=yes
lt_cv_prog_compiler_rtti_exceptions=no
lt_cv_prog_compiler_static_works=yes
lt_cv_prog_gnu_ld=yes
lt_cv_sys_global_symbol_pipe='sed -n -e '\''s/^.*[ 	]\([ABCDGIRSTW][ABCDGIRSTW]*\)[ 	][ 	]*\([_A-Za-z][_A-Za-z0-9]*\)$/\1 \2 \2/p'\'''
lt_cv_sys_global_symbol_to_c_name_address='sed -n -e '\''s/^: \([^ ]*\) $/  {\"\1\", (lt_ptr) 0},/p'\'' -e '\''s/^[BCDEGRST] \([^ ]*\) \([^ ]*\)$/  {"\2", (lt_ptr) \&\2},/p'\'''
lt_cv_sys_global_symbol_to_cdecl='sed -n -e '\''s/^. .* \(.*\)$/extern int \1;/p'\'''
lt_cv_sys_lib_dlsearch_path_spec='/lib /usr/lib /lib/i486-linux-gnu /usr/lib/i486-linux-gnu /usr/lib/alsa-lib /usr/local/lib '
lt_cv_sys_lib_search_path_spec='/usr/lib/gcc/i486-linux-gnu/4.3.3 /usr/lib /lib'
lt_cv_sys_max_cmd_len=1572864
lt_lt_cv_prog_compiler_c_o='"yes"'
lt_lt_cv_sys_global_symbol_pipe='"sed -n -e '\''s/^.*[ 	]\\([ABCDGIRSTW][ABCDGIRSTW]*\\)[ 	][ 	]*\\([_A-Za-z][_A-Za-z0-9]*\\)\$/\\1 \\2 \\2/p'\''"'
lt_lt_cv_sys_global_symbol_to_c_name_address='"sed -n -e '\''s/^: \\([^ ]*\\) \$/  {\\\"\\1\\\", (lt_ptr) 0},/p'\'' -e '\''s/^[BCDEGRST] \\([^ ]*\\) \\([^ ]*\\)\$/  {\"\\2\", (lt_ptr) \\&\\2},/p'\''"'
lt_lt_cv_sys_global_symbol_to_cdecl='"sed -n -e '\''s/^. .* \\(.*\\)\$/extern int \\1;/p'\''"'

## ----------------- ##
## Output variables. ##
## ----------------- ##

ACLOCAL='${SHELL} /home/slarti/Documents/punkgraphicstream/trunk/libass/linux_x86/src/fontconfig-2.6.0/missing --run aclocal-1.9'
AMDEPBACKSLASH='\'
AMDEP_FALSE='#'
AMDEP_TRUE=''
AMTAR='${SHELL} /home/slarti/Documents/punkgraphicstream/trunk/libass/linux_x86/src/fontconfig-2.6.0/missing --run tar'
AR='ar'
ARCHITECTURE='auto'
AS='as'
AUTOCONF='${SHELL} /home/slarti/Documents/punkgraphicstream/trunk/libass/linux_x86/src/fontconfig-2.6.0/missing --run autoconf'
AUTOHEADER='${SHELL} /home/slarti/Documents/punkgraphicstream/trunk/libass/linux_x86/src/fontconfig-2.6.0/missing --run autoheader'
AUTOMAKE='${SHELL} /home/slarti/Documents/punkgraphicstream/trunk/libass/linux_x86/src/fontconfig-2.6.0/missing --run automake-1.9'
AWK='mawk'
CC='gcc'
CCDEPMODE='depmode=gcc3'
CC_FOR_BUILD='gcc'
CFLAGS='-g -O2'
CONFDIR='${sysconfdir}/fonts'
CPP='gcc -E'
CPPFLAGS=''
CROSS_COMPILING_FALSE=''
CROSS_COMPILING_TRUE='#'
CXX='g++'
CXXCPP=''
CXXDEPMODE='depmode=none'
CXXFLAGS=''
CYGPATH_W='echo'
DEFS='-DHAVE_CONFIG_H'
DEPDIR='.deps'
DLLTOOL='dlltool'
DOCDIR='${datadir}/doc/fontconfig'
DOCMAN3='FcAtomicCreate.3 FcAtomicLock.3 FcAtomicNewFile.3 FcAtomicOrigFile.3 FcAtomicReplaceOrig.3 FcAtomicDeleteNew.3 FcAtomicUnlock.3 FcAtomicDestroy.3 FcBlanksCreate.3 FcBlanksDestroy.3 FcBlanksAdd.3 FcBlanksIsMember.3 FcCacheDir.3 FcCacheCopySet.3 FcCacheSubdir.3 FcCacheNumSubdir.3 FcCacheNumFont.3 FcCharSetCreate.3 FcCharSetDestroy.3 FcCharSetAddChar.3 FcCharSetCopy.3 FcCharSetEqual.3 FcCharSetIntersect.3 FcCharSetUnion.3 FcCharSetSubtract.3 FcCharSetHasChar.3 FcCharSetCount.3 FcCharSetIntersectCount.3 FcCharSetSubtractCount.3 FcCharSetIsSubset.3 FcCharSetFirstPage.3 FcCharSetNextPage.3 FcCharSetCoverage.3 FcCharSetNew.3 FcConfigCreate.3 FcConfigDestroy.3 FcConfigSetCurrent.3 FcConfigGetCurrent.3 FcConfigUptoDate.3 FcConfigHome.3 FcConfigEnableHome.3 FcConfigBuildFonts.3 FcConfigGetConfigDirs.3 FcConfigGetFontDirs.3 FcConfigGetConfigFiles.3 FcConfigGetCache.3 FcConfigGetCacheDirs.3 FcConfigGetFonts.3 FcConfigGetBlanks.3 FcConfigGetRescanInterval.3 FcConfigSetRescanInterval.3 FcConfigAppFontAddFile.3 FcConfigAppFontAddDir.3 FcConfigAppFontClear.3 FcConfigSubstituteWithPat.3 FcConfigSubstitute.3 FcFontMatch.3 FcFontSort.3 FcFontRenderPrepare.3 FcFontList.3 FcConfigFilename.3 FcConfigParseAndLoad.3 FcNameRegisterConstants.3 FcNameUnregisterConstants.3 FcNameGetConstant.3 FcNameConstant.3 FcDirCacheUnlink.3 FcDirCacheValid.3 FcDirCacheLoad.3 FcDirCacheRead.3 FcDirCacheLoadFile.3 FcDirCacheUnload.3 FcFileScan.3 FcFileIsDir.3 FcDirScan.3 FcDirSave.3 FcFontSetCreate.3 FcFontSetDestroy.3 FcFontSetAdd.3 FcFontSetList.3 FcFontSetMatch.3 FcFontSetPrint.3 FcFontSetSort.3 FcFontSetSortDestroy.3 FcFreeTypeCharIndex.3 FcFreeTypeCharSet.3 FcFreeTypeCharSetAndSpacing.3 FcFreeTypeQuery.3 FcFreeTypeQueryFace.3 FcInitLoadConfig.3 FcInitLoadConfigAndFonts.3 FcInit.3 FcFini.3 FcGetVersion.3 FcInitReinitialize.3 FcInitBringUptoDate.3 FcLangSetCreate.3 FcLangSetDestroy.3 FcLangSetCopy.3 FcLangSetAdd.3 FcLangSetCompare.3 FcLangSetContains.3 FcLangSetEqual.3 FcLangSetHash.3 FcLangSetHasLang.3 FcGetLangs.3 FcLangGetCharSet.3 FcMatrixInit.3 FcMatrixCopy.3 FcMatrixEqual.3 FcMatrixMultiply.3 FcMatrixRotate.3 FcMatrixScale.3 FcMatrixShear.3 FcObjectSetCreate.3 FcObjectSetAdd.3 FcObjectSetDestroy.3 FcObjectSetBuild.3 FcNameRegisterObjectTypes.3 FcNameUnregisterObjectTypes.3 FcNameGetObjectType.3 FcPatternCreate.3 FcPatternDuplicate.3 FcPatternReference.3 FcPatternDestroy.3 FcPatternEqual.3 FcPatternEqualSubset.3 FcPatternHash.3 FcPatternAdd.3 FcPatternAddWeak.3 FcPatternAdd-Type.3 FcPatternGet.3 FcPatternGet-Type.3 FcPatternBuild.3 FcPatternDel.3 FcPatternRemove.3 FcPatternPrint.3 FcDefaultSubstitute.3 FcNameParse.3 FcNameUnparse.3 FcUtf8ToUcs4.3 FcUcs4ToUtf8.3 FcUtf8Len.3 FcUtf16ToUcs4.3 FcUtf16Len.3 FcIsLower.3 FcIsUpper.3 FcToLower.3 FcStrCopy.3 FcStrDowncase.3 FcStrCopyFilename.3 FcStrCmp.3 FcStrCmpIgnoreCase.3 FcStrStr.3 FcStrStrIgnoreCase.3 FcStrPlus.3 FcStrFree.3 FcStrDirname.3 FcStrBasename.3 FcStrSetCreate.3 FcStrSetMember.3 FcStrSetEqual.3 FcStrSetAdd.3 FcStrSetAddFilename.3 FcStrSetDel.3 FcStrSetDestroy.3 FcStrListCreate.3 FcStrListNext.3 FcStrListDone.3 FcValueDestroy.3 FcValueSave.3 FcValuePrint.3 FcValueEqual.3 '
DOCSRC='doc'
DOLT_BASH='/bin/bash'
DSYMUTIL=''
ECHO='echo'
ECHO_C=''
ECHO_N='-n'
ECHO_T=''
EGREP='/bin/grep -E'
ENABLE_DOCS_FALSE='#'
ENABLE_DOCS_TRUE=''
EXEEXT=''
EXEEXT_FOR_BUILD=''
EXPAT_CFLAGS='-I/home/slarti/Documents/punkgraphicstream/trunk/libass/linux_x86/include'
EXPAT_LIBS='-L/home/slarti/Documents/punkgraphicstream/trunk/libass/linux_x86/lib -lexpat'
F77=''
FC_ADD_FONTS=''
FC_CACHEDIR='/home/slarti/Documents/punkgraphicstream/trunk/libass/linux_x86/var/cache/fontconfig'
FC_DEFAULT_FONTS='/usr/share/fonts'
FC_FONTDATE='Sat Jun 27 13:24:53 PDT 2009'
FC_FONTPATH=''
FFLAGS=''
FREETYPE_CFLAGS='-I/home/slarti/Documents/punkgraphicstream/trunk/libass/linux_x86/include/freetype2 -I/home/slarti/Documents/punkgraphicstream/trunk/libass/linux_x86/include'
FREETYPE_LIBS='-L/home/slarti/Documents/punkgraphicstream/trunk/libass/linux_x86/lib -lfreetype'
GREP='/bin/grep'
HASDOCBOOK='no'
HAVE_EXPAT='1'
HAVE_XMLPARSE_H=''
ICONV_LIBS=''
INSTALL_DATA='${INSTALL} -m 644'
INSTALL_PROGRAM='${INSTALL}'
INSTALL_SCRIPT='${INSTALL}'
INSTALL_STRIP_PROGRAM='${SHELL} $(install_sh) -c -s'
LDFLAGS=''
LIBOBJS=''
LIBS=''
LIBTOOL='$(SHELL) $(top_builddir)/libtool'
LIBT_CURRENT='4'
LIBT_CURRENT_MINUS_AGE='1'
LIBT_REVISION='0'
LIBT_VERSION_INFO='4:0:3'
LIBXML2_CFLAGS=''
LIBXML2_LIBS=''
LN_S='ln -s'
LTCOMPILE='$(top_builddir)/doltcompile $(COMPILE)'
LTCXXCOMPILE='$(top_builddir)/doltcompile $(CXXCOMPILE)'
LTLIBOBJS=''
MAINT='#'
MAINTAINER_MODE_FALSE=''
MAINTAINER_MODE_TRUE='#'
MAKEINFO='${SHELL} /home/slarti/Documents/punkgraphicstream/trunk/libass/linux_x86/src/fontconfig-2.6.0/missing --run makeinfo'
MS_LIB_AVAILABLE_FALSE=''
MS_LIB_AVAILABLE_TRUE='#'
NMEDIT=''
OBJDUMP='objdump'
OBJEXT='o'
ORTH_FILES='aa.orth ab.orth af.orth am.orth ar.orth as.orth ast.orth ava.orth ay.orth az.orth az_ir.orth ba.orth bam.orth be.orth bg.orth bh.orth bho.orth bi.orth bin.orth bn.orth bo.orth br.orth bs.orth bua.orth ca.orth ce.orth ch.orth chm.orth chr.orth co.orth cs.orth cu.orth cv.orth cy.orth da.orth de.orth dz.orth el.orth en.orth eo.orth es.orth et.orth eu.orth fa.orth fi.orth fj.orth fo.orth fr.orth ful.orth fur.orth fy.orth ga.orth gd.orth gez.orth gl.orth gn.orth gu.orth gv.orth ha.orth haw.orth he.orth hi.orth ho.orth hr.orth hu.orth hy.orth ia.orth ibo.orth id.orth ie.orth ik.orth io.orth is.orth it.orth iu.orth ja.orth ka.orth kaa.orth ki.orth kk.orth kl.orth km.orth kn.orth ko.orth kok.orth ks.orth ku.orth ku_ir.orth kum.orth kv.orth kw.orth ky.orth la.orth lb.orth lez.orth ln.orth lo.orth lt.orth lv.orth mg.orth mh.orth mi.orth mk.orth ml.orth mn.orth mo.orth mr.orth mt.orth my.orth nb.orth nds.orth ne.orth nl.orth nn.orth no.orth nr.orth nso.orth ny.orth oc.orth om.orth or.orth os.orth pa.orth pl.orth ps_af.orth ps_pk.orth pt.orth rm.orth ro.orth ru.orth sa.orth sah.orth sco.orth se.orth sel.orth sh.orth shs.orth si.orth sk.orth sl.orth sm.orth sma.orth smj.orth smn.orth sms.orth so.orth sq.orth sr.orth ss.orth st.orth sv.orth sw.orth syr.orth ta.orth te.orth tg.orth th.orth ti_er.orth ti_et.orth tig.orth tk.orth tl.orth tn.orth to.orth tr.orth ts.orth tt.orth tw.orth tyv.orth ug.orth uk.orth ur.orth uz.orth ven.orth vi.orth vo.orth vot.orth wa.orth wen.orth wo.orth xh.orth yap.orth yi.orth yo.orth zh_cn.orth zh_hk.orth zh_mo.orth zh_sg.orth zh_tw.orth zu.orth'
OS_WIN32_FALSE=''
OS_WIN32_TRUE='#'
PACKAGE='fontconfig'
PACKAGE_BUGREPORT=''
PACKAGE_NAME=''
PACKAGE_STRING=''
PACKAGE_TARNAME=''
PACKAGE_VERSION=''
PATH_SEPARATOR=':'
PKG_CONFIG='/usr/bin/pkg-config'
RANLIB='ranlib'
SED='/bin/sed'
SET_MAKE=''
SHELL='/bin/bash'
STRIP='strip'
USEDOCBOOK_FALSE=''
USEDOCBOOK_TRUE='#'
VERSION='2.6.0'
WARN_CFLAGS='-Wall -Wpointer-arith -Wstrict-prototypes 	-Wmissing-prototypes -Wmissing-declarations 	-Wnested-externs -fno-strict-aliasing'
ac_ct_CC='gcc'
ac_ct_CXX=''
ac_ct_F77=''
am__fastdepCC_FALSE='#'
am__fastdepCC_TRUE=''
am__fastdepCXX_FALSE=''
am__fastdepCXX_TRUE='#'
am__include='include'
am__leading_dot='.'
am__quote=''
am__tar='${AMTAR} chof - "$$tardir"'
am__untar='${AMTAR} xf -'
bindir='${exec_prefix}/bin'
build='i686-pc-linux-gnu'
build_alias=''
build_cpu='i686'
build_os='linux-gnu'
build_vendor='pc'
confdir='${sysconfdir}/fonts'
datadir='${datarootdir}'
datarootdir='${prefix}/share'
docdir='${datarootdir}/doc/${PACKAGE}'
dvidir='${docdir}'
exec_prefix='${prefix}'
fc_cachedir='/home/slarti/Documents/punkgraphicstream/trunk/libass/linux_x86/var/cache/fontconfig'
ft_config='/home/slarti/Documents/punkgraphicstream/trunk/libass/linux_x86/bin/freetype-config'
host='i686-pc-linux-gnu'
host_alias=''
host_cpu='i686'
host_os='linux-gnu'
host_vendor='pc'
htmldir='${docdir}'
includedir='${prefix}/include'
infodir='${datarootdir}/info'
install_sh='/home/slarti/Documents/punkgraphicstream/trunk/libass/linux_x86/src/fontconfig-2.6.0/install-sh'
libdir='${exec_prefix}/lib'
libexecdir='${exec_prefix}/libexec'
localedir='${datarootdir}/locale'
localstatedir='${prefix}/var'
mandir='${datarootdir}/man'
mkdir_p='mkdir -p --'
ms_librarian=''
oldincludedir='/usr/include'
pdfdir='${docdir}'
prefix='/home/slarti/Documents/punkgraphicstream/trunk/libass/linux_x86'
program_transform_name='s,x,x,'
psdir='${docdir}'
sbindir='${exec_prefix}/sbin'
sharedstatedir='${prefix}/com'
sysconfdir='${prefix}/etc'
target_alias=''

## ----------- ##
## confdefs.h. ##
## ----------- ##

#define PACKAGE_NAME ""
#define PACKAGE_TARNAME ""
#define PACKAGE_VERSION ""
#define PACKAGE_STRING ""
#define PACKAGE_BUGREPORT ""
#define PACKAGE "fontconfig"
#define VERSION "2.6.0"
#define STDC_HEADERS 1
#define HAVE_SYS_TYPES_H 1
#define HAVE_SYS_STAT_H 1
#define HAVE_STDLIB_H 1
#define HAVE_STRING_H 1
#define HAVE_MEMORY_H 1
#define HAVE_STRINGS_H 1
#define HAVE_INTTYPES_H 1
#define HAVE_STDINT_H 1
#define HAVE_UNISTD_H 1
#define HAVE_DLFCN_H 1
#define HAVE_WARNING_CPP_DIRECTIVE 1
#define HAVE_DIRENT_H 1
#define STDC_HEADERS 1
#define HAVE_FCNTL_H 1
#define HAVE_STDLIB_H 1
#define HAVE_STRING_H 1
#define HAVE_UNISTD_H 1
#define HAVE_VPRINTF 1
#define HAVE_STDLIB_H 1
#define HAVE_UNISTD_H 1
#define HAVE_GETPAGESIZE 1
#define HAVE_MMAP 1
#define HAVE_GETEUID 1
#define HAVE_GETUID 1
#define HAVE_LINK 1
#define HAVE_MEMMOVE 1
#define HAVE_MEMSET 1
#define HAVE_MKSTEMP 1
#define HAVE_STRCHR 1
#define HAVE_STRRCHR 1
#define HAVE_STRTOL 1
#define HAVE_GETOPT 1
#define HAVE_GETOPT_LONG 1
#define HAVE_SYSCONF 1
#define HAVE_FTRUNCATE 1
#define HAVE_RAND 1
#define HAVE_RANDOM 1
#define HAVE_LRAND48 1
#define USE_ICONV 1
#define HAVE_FT_GET_NEXT_CHAR 1
#define HAVE_FT_GET_BDF_PROPERTY 1
#define HAVE_FT_GET_PS_FONT_INFO 1
#define HAVE_FT_HAS_PS_GLYPH_NAMES 1
#define HAVE_FT_GET_X11_FONT_FORMAT 1
#define HAVE_FT_BITMAP_SIZE_Y_PPEM 1
#define HAVE_XML_SETDOCTYPEDECLHANDLER 1
#define HAVE_EXPAT 1
#define FC_DEFAULT_FONTS "/usr/share/fonts"
#define FC_ADD_FONTS "yes"
#define CONFDIR "${sysconfdir}/fonts"

configure: exit 0
